# JRE version: Java(TM) SE Runtime Environment (8.0_111-b14) (build 1.8.0_111-b14)
# Java VM: Java HotSpot(TM) 64-Bit Server VM (25.111-b14 mixed mode windows-amd64 compressed oops)
Heap:
 PSYoungGen      total 76288K, used 7049K [0x000000076b400000, 0x0000000774900000, 0x00000007c0000000)
  eden space 65536K, 10% used [0x000000076b400000,0x000000076bae2778,0x000000076f400000)
  from space 10752K, 0% used [0x000000076fe80000,0x000000076fe80000,0x0000000770900000)
  to   space 10752K, 0% used [0x000000076f400000,0x000000076f400000,0x000000076fe80000)
 ParOldGen       total 107008K, used 10149K [0x00000006c1c00000, 0x00000006c8480000, 0x000000076b400000)
  object space 107008K, 9% used [0x00000006c1c00000,0x00000006c25e9660,0x00000006c8480000)
 Metaspace       used 20913K, capacity 21744K, committed 22016K, reserved 1069056K
  class space    used 2817K, capacity 3024K, committed 3072K, reserved 1048576K
GC Heap History (6 events):
Event: 2.922 GC heap before
{Heap before GC invocations=1 (full 0):
 PSYoungGen      total 76288K, used 65536K [0x000000076b400000, 0x0000000770900000, 0x00000007c0000000)
  eden space 65536K, 100% used [0x000000076b400000,0x000000076f400000,0x000000076f400000)
  from space 10752K, 0% used [0x000000076fe80000,0x000000076fe80000,0x0000000770900000)
  to   space 10752K, 0% used [0x000000076f400000,0x000000076f400000,0x000000076fe80000)
 ParOldGen       total 175104K, used 0K [0x00000006c1c00000, 0x00000006cc700000, 0x000000076b400000)
  object space 175104K, 0% used [0x00000006c1c00000,0x00000006c1c00000,0x00000006cc700000)
 Metaspace       used 15108K, capacity 15648K, committed 15744K, reserved 1062912K
  class space    used 1990K, capacity 2120K, committed 2176K, reserved 1048576K
Event: 2.935 GC heap after
Heap after GC invocations=1 (full 0):
 PSYoungGen      total 76288K, used 8520K [0x000000076b400000, 0x0000000770900000, 0x00000007c0000000)
  eden space 65536K, 0% used [0x000000076b400000,0x000000076b400000,0x000000076f400000)
  from space 10752K, 79% used [0x000000076f400000,0x000000076fc520f0,0x000000076fe80000)
  to   space 10752K, 0% used [0x000000076fe80000,0x000000076fe80000,0x0000000770900000)
 ParOldGen       total 175104K, used 16K [0x00000006c1c00000, 0x00000006cc700000, 0x000000076b400000)
  object space 175104K, 0% used [0x00000006c1c00000,0x00000006c1c04000,0x00000006cc700000)
 Metaspace       used 15108K, capacity 15648K, committed 15744K, reserved 1062912K
  class space    used 1990K, capacity 2120K, committed 2176K, reserved 1048576K
}
Event: 3.485 GC heap before
{Heap before GC invocations=2 (full 0):
 PSYoungGen      total 76288K, used 63588K [0x000000076b400000, 0x0000000770900000, 0x00000007c0000000)
  eden space 65536K, 84% used [0x000000076b400000,0x000000076e9c7170,0x000000076f400000)
  from space 10752K, 79% used [0x000000076f400000,0x000000076fc520f0,0x000000076fe80000)
  to   space 10752K, 0% used [0x000000076fe80000,0x000000076fe80000,0x0000000770900000)
 ParOldGen       total 175104K, used 16K [0x00000006c1c00000, 0x00000006cc700000, 0x000000076b400000)
  object space 175104K, 0% used [0x00000006c1c00000,0x00000006c1c04000,0x00000006cc700000)
 Metaspace       used 20528K, capacity 21266K, committed 21296K, reserved 1067008K
  class space    used 2742K, capacity 2931K, committed 2944K, reserved 1048576K
Event: 3.503 GC heap after
Heap after GC invocations=2 (full 0):
 PSYoungGen      total 76288K, used 10580K [0x000000076b400000, 0x0000000774900000, 0x00000007c0000000)
  eden space 65536K, 0% used [0x000000076b400000,0x000000076b400000,0x000000076f400000)
  from space 10752K, 98% used [0x000000076fe80000,0x00000007708d5318,0x0000000770900000)
  to   space 10752K, 0% used [0x000000076f400000,0x000000076f400000,0x000000076fe80000)
 ParOldGen       total 175104K, used 24K [0x00000006c1c00000, 0x00000006cc700000, 0x000000076b400000)
  object space 175104K, 0% used [0x00000006c1c00000,0x00000006c1c06000,0x00000006cc700000)
 Metaspace       used 20528K, capacity 21266K, committed 21296K, reserved 1067008K
  class space    used 2742K, capacity 2931K, committed 2944K, reserved 1048576K
}
Event: 3.503 GC heap before
{Heap before GC invocations=3 (full 1):
 PSYoungGen      total 76288K, used 10580K [0x000000076b400000, 0x0000000774900000, 0x00000007c0000000)
  eden space 65536K, 0% used [0x000000076b400000,0x000000076b400000,0x000000076f400000)
  from space 10752K, 98% used [0x000000076fe80000,0x00000007708d5318,0x0000000770900000)
  to   space 10752K, 0% used [0x000000076f400000,0x000000076f400000,0x000000076fe80000)
 ParOldGen       total 175104K, used 24K [0x00000006c1c00000, 0x00000006cc700000, 0x000000076b400000)
  object space 175104K, 0% used [0x00000006c1c00000,0x00000006c1c06000,0x00000006cc700000)
 Metaspace       used 20528K, capacity 21266K, committed 21296K, reserved 1067008K
  class space    used 2742K, capacity 2931K, committed 2944K, reserved 1048576K
Event: 3.556 GC heap after
Heap after GC invocations=3 (full 1):
 PSYoungGen      total 76288K, used 0K [0x000000076b400000, 0x0000000774900000, 0x00000007c0000000)
  eden space 65536K, 0% used [0x000000076b400000,0x000000076b400000,0x000000076f400000)
  from space 10752K, 0% used [0x000000076fe80000,0x000000076fe80000,0x0000000770900000)
  to   space 10752K, 0% used [0x000000076f400000,0x000000076f400000,0x000000076fe80000)
 ParOldGen       total 107008K, used 10149K [0x00000006c1c00000, 0x00000006c8480000, 0x000000076b400000)
  object space 107008K, 9% used [0x00000006c1c00000,0x00000006c25e9660,0x00000006c8480000)
 Metaspace       used 20526K, capacity 21260K, committed 21296K, reserved 1067008K
  class space    used 2741K, capacity 2930K, committed 2944K, reserved 1048576K
}

