# JRE version: Java(TM) SE Runtime Environment (8.0_111-b14) (build 1.8.0_111-b14)
# Java VM: Java HotSpot(TM) 64-Bit Server VM (25.111-b14 mixed mode windows-amd64 compressed oops)
Heap:
 PSYoungGen      total 76288K, used 38480K [0x000000076b400000, 0x0000000772700000, 0x00000007c0000000)
  eden space 65536K, 46% used [0x000000076b400000,0x000000076d1c3838,0x000000076f400000)
  from space 10752K, 74% used [0x000000076f400000,0x000000076fbd0b10,0x000000076fe80000)
  to   space 10752K, 0% used [0x0000000771c80000,0x0000000771c80000,0x0000000772700000)
 ParOldGen       total 110080K, used 10104K [0x00000006c1c00000, 0x00000006c8780000, 0x000000076b400000)
  object space 110080K, 9% used [0x00000006c1c00000,0x00000006c25de098,0x00000006c8780000)
 Metaspace       used 27021K, capacity 28550K, committed 28928K, reserved 1075200K
  class space    used 3673K, capacity 3969K, committed 4096K, reserved 1048576K
GC Heap History (8 events):
Event: 4.069 GC heap before
{Heap before GC invocations=1 (full 0):
 PSYoungGen      total 76288K, used 65536K [0x000000076b400000, 0x0000000770900000, 0x00000007c0000000)
  eden space 65536K, 100% used [0x000000076b400000,0x000000076f400000,0x000000076f400000)
  from space 10752K, 0% used [0x000000076fe80000,0x000000076fe80000,0x0000000770900000)
  to   space 10752K, 0% used [0x000000076f400000,0x000000076f400000,0x000000076fe80000)
 ParOldGen       total 175104K, used 0K [0x00000006c1c00000, 0x00000006cc700000, 0x000000076b400000)
  object space 175104K, 0% used [0x00000006c1c00000,0x00000006c1c00000,0x00000006cc700000)
 Metaspace       used 15107K, capacity 15646K, committed 15744K, reserved 1062912K
  class space    used 1991K, capacity 2119K, committed 2176K, reserved 1048576K
Event: 4.082 GC heap after
Heap after GC invocations=1 (full 0):
 PSYoungGen      total 76288K, used 8291K [0x000000076b400000, 0x0000000770900000, 0x00000007c0000000)
  eden space 65536K, 0% used [0x000000076b400000,0x000000076b400000,0x000000076f400000)
  from space 10752K, 77% used [0x000000076f400000,0x000000076fc18ee8,0x000000076fe80000)
  to   space 10752K, 0% used [0x000000076fe80000,0x000000076fe80000,0x0000000770900000)
 ParOldGen       total 175104K, used 16K [0x00000006c1c00000, 0x00000006cc700000, 0x000000076b400000)
  object space 175104K, 0% used [0x00000006c1c00000,0x00000006c1c04000,0x00000006cc700000)
 Metaspace       used 15107K, capacity 15646K, committed 15744K, reserved 1062912K
  class space    used 1991K, capacity 2119K, committed 2176K, reserved 1048576K
}
Event: 5.293 GC heap before
{Heap before GC invocations=2 (full 0):
 PSYoungGen      total 76288K, used 64573K [0x000000076b400000, 0x0000000770900000, 0x00000007c0000000)
  eden space 65536K, 85% used [0x000000076b400000,0x000000076eaf6560,0x000000076f400000)
  from space 10752K, 77% used [0x000000076f400000,0x000000076fc18ee8,0x000000076fe80000)
  to   space 10752K, 0% used [0x000000076fe80000,0x000000076fe80000,0x0000000770900000)
 ParOldGen       total 175104K, used 16K [0x00000006c1c00000, 0x00000006cc700000, 0x000000076b400000)
  object space 175104K, 0% used [0x00000006c1c00000,0x00000006c1c04000,0x00000006cc700000)
 Metaspace       used 20476K, capacity 21272K, committed 21296K, reserved 1067008K
  class space    used 2742K, capacity 2934K, committed 2944K, reserved 1048576K
Event: 5.305 GC heap after
Heap after GC invocations=2 (full 0):
 PSYoungGen      total 76288K, used 10417K [0x000000076b400000, 0x0000000770900000, 0x00000007c0000000)
  eden space 65536K, 0% used [0x000000076b400000,0x000000076b400000,0x000000076f400000)
  from space 10752K, 96% used [0x000000076fe80000,0x00000007708ac730,0x0000000770900000)
  to   space 10752K, 0% used [0x000000076f400000,0x000000076f400000,0x000000076fe80000)
 ParOldGen       total 175104K, used 24K [0x00000006c1c00000, 0x00000006cc700000, 0x000000076b400000)
  object space 175104K, 0% used [0x00000006c1c00000,0x00000006c1c06000,0x00000006cc700000)
 Metaspace       used 20476K, capacity 21272K, committed 21296K, reserved 1067008K
  class space    used 2742K, capacity 2934K, committed 2944K, reserved 1048576K
}
Event: 5.305 GC heap before
{Heap before GC invocations=3 (full 1):
 PSYoungGen      total 76288K, used 10417K [0x000000076b400000, 0x0000000770900000, 0x00000007c0000000)
  eden space 65536K, 0% used [0x000000076b400000,0x000000076b400000,0x000000076f400000)
  from space 10752K, 96% used [0x000000076fe80000,0x00000007708ac730,0x0000000770900000)
  to   space 10752K, 0% used [0x000000076f400000,0x000000076f400000,0x000000076fe80000)
 ParOldGen       total 175104K, used 24K [0x00000006c1c00000, 0x00000006cc700000, 0x000000076b400000)
  object space 175104K, 0% used [0x00000006c1c00000,0x00000006c1c06000,0x00000006cc700000)
 Metaspace       used 20476K, capacity 21272K, committed 21296K, reserved 1067008K
  class space    used 2742K, capacity 2934K, committed 2944K, reserved 1048576K
Event: 5.343 GC heap after
Heap after GC invocations=3 (full 1):
 PSYoungGen      total 76288K, used 0K [0x000000076b400000, 0x0000000770900000, 0x00000007c0000000)
  eden space 65536K, 0% used [0x000000076b400000,0x000000076b400000,0x000000076f400000)
  from space 10752K, 0% used [0x000000076fe80000,0x000000076fe80000,0x0000000770900000)
  to   space 10752K, 0% used [0x000000076f400000,0x000000076f400000,0x000000076fe80000)
 ParOldGen       total 110080K, used 10096K [0x00000006c1c00000, 0x00000006c8780000, 0x000000076b400000)
  object space 110080K, 9% used [0x00000006c1c00000,0x00000006c25dc098,0x00000006c8780000)
 Metaspace       used 20476K, capacity 21272K, committed 21296K, reserved 1067008K
  class space    used 2742K, capacity 2934K, committed 2944K, reserved 1048576K
}
Event: 6.711 GC heap before
{Heap before GC invocations=4 (full 1):
 PSYoungGen      total 76288K, used 65536K [0x000000076b400000, 0x0000000770900000, 0x00000007c0000000)
  eden space 65536K, 100% used [0x000000076b400000,0x000000076f400000,0x000000076f400000)
  from space 10752K, 0% used [0x000000076fe80000,0x000000076fe80000,0x0000000770900000)
  to   space 10752K, 0% used [0x000000076f400000,0x000000076f400000,0x000000076fe80000)
 ParOldGen       total 110080K, used 10096K [0x00000006c1c00000, 0x00000006c8780000, 0x000000076b400000)
  object space 110080K, 9% used [0x00000006c1c00000,0x00000006c25dc098,0x00000006c8780000)
 Metaspace       used 25368K, capacity 26834K, committed 27136K, reserved 1073152K
  class space    used 3454K, capacity 3751K, committed 3840K, reserved 1048576K
Event: 6.719 GC heap after
Heap after GC invocations=4 (full 1):
 PSYoungGen      total 76288K, used 8002K [0x000000076b400000, 0x0000000772700000, 0x00000007c0000000)
  eden space 65536K, 0% used [0x000000076b400000,0x000000076b400000,0x000000076f400000)
  from space 10752K, 74% used [0x000000076f400000,0x000000076fbd0b10,0x000000076fe80000)
  to   space 10752K, 0% used [0x0000000771c80000,0x0000000771c80000,0x0000000772700000)
 ParOldGen       total 110080K, used 10104K [0x00000006c1c00000, 0x00000006c8780000, 0x000000076b400000)
  object space 110080K, 9% used [0x00000006c1c00000,0x00000006c25de098,0x00000006c8780000)
 Metaspace       used 25368K, capacity 26834K, committed 27136K, reserved 1073152K
  class space    used 3454K, capacity 3751K, committed 3840K, reserved 1048576K
}

