# JRE version: Java(TM) SE Runtime Environment (8.0_111-b14) (build 1.8.0_111-b14)
# Java VM: Java HotSpot(TM) 64-Bit Server VM (25.111-b14 mixed mode windows-amd64 compressed oops)
Heap:
 PSYoungGen      total 76288K, used 15032K [0x000000076b400000, 0x0000000772180000, 0x00000007c0000000)
  eden space 65536K, 11% used [0x000000076b400000,0x000000076bb0ef98,0x000000076f400000)
  from space 10752K, 72% used [0x000000076f400000,0x000000076fb9f170,0x000000076fe80000)
  to   space 10752K, 0% used [0x0000000771700000,0x0000000771700000,0x0000000772180000)
 ParOldGen       total 111616K, used 9579K [0x00000006c1c00000, 0x00000006c8900000, 0x000000076b400000)
  object space 111616K, 8% used [0x00000006c1c00000,0x00000006c255ad38,0x00000006c8900000)
 Metaspace       used 25652K, capacity 27232K, committed 27392K, reserved 1073152K
  class space    used 3433K, capacity 3736K, committed 3840K, reserved 1048576K
GC Heap History (8 events):
Event: 2.025 GC heap before
{Heap before GC invocations=1 (full 0):
 PSYoungGen      total 76288K, used 65536K [0x000000076b400000, 0x0000000770900000, 0x00000007c0000000)
  eden space 65536K, 100% used [0x000000076b400000,0x000000076f400000,0x000000076f400000)
  from space 10752K, 0% used [0x000000076fe80000,0x000000076fe80000,0x0000000770900000)
  to   space 10752K, 0% used [0x000000076f400000,0x000000076f400000,0x000000076fe80000)
 ParOldGen       total 175104K, used 0K [0x00000006c1c00000, 0x00000006cc700000, 0x000000076b400000)
  object space 175104K, 0% used [0x00000006c1c00000,0x00000006c1c00000,0x00000006cc700000)
 Metaspace       used 13641K, capacity 14664K, committed 14848K, reserved 1062912K
  class space    used 1737K, capacity 1954K, committed 2048K, reserved 1048576K
Event: 2.042 GC heap after
Heap after GC invocations=1 (full 0):
 PSYoungGen      total 76288K, used 8390K [0x000000076b400000, 0x0000000770900000, 0x00000007c0000000)
  eden space 65536K, 0% used [0x000000076b400000,0x000000076b400000,0x000000076f400000)
  from space 10752K, 78% used [0x000000076f400000,0x000000076fc318b8,0x000000076fe80000)
  to   space 10752K, 0% used [0x000000076fe80000,0x000000076fe80000,0x0000000770900000)
 ParOldGen       total 175104K, used 16K [0x00000006c1c00000, 0x00000006cc700000, 0x000000076b400000)
  object space 175104K, 0% used [0x00000006c1c00000,0x00000006c1c04000,0x00000006cc700000)
 Metaspace       used 13641K, capacity 14664K, committed 14848K, reserved 1062912K
  class space    used 1737K, capacity 1954K, committed 2048K, reserved 1048576K
}
Event: 3.450 GC heap before
{Heap before GC invocations=2 (full 0):
 PSYoungGen      total 76288K, used 73926K [0x000000076b400000, 0x0000000770900000, 0x00000007c0000000)
  eden space 65536K, 100% used [0x000000076b400000,0x000000076f400000,0x000000076f400000)
  from space 10752K, 78% used [0x000000076f400000,0x000000076fc318b8,0x000000076fe80000)
  to   space 10752K, 0% used [0x000000076fe80000,0x000000076fe80000,0x0000000770900000)
 ParOldGen       total 175104K, used 16K [0x00000006c1c00000, 0x00000006cc700000, 0x000000076b400000)
  object space 175104K, 0% used [0x00000006c1c00000,0x00000006c1c04000,0x00000006cc700000)
 Metaspace       used 19839K, capacity 21106K, committed 21248K, reserved 1067008K
  class space    used 2698K, capacity 2969K, committed 3072K, reserved 1048576K
Event: 3.472 GC heap after
Heap after GC invocations=2 (full 0):
 PSYoungGen      total 76288K, used 9915K [0x000000076b400000, 0x0000000774900000, 0x00000007c0000000)
  eden space 65536K, 0% used [0x000000076b400000,0x000000076b400000,0x000000076f400000)
  from space 10752K, 92% used [0x000000076fe80000,0x000000077082ed20,0x0000000770900000)
  to   space 10752K, 0% used [0x000000076f400000,0x000000076f400000,0x000000076fe80000)
 ParOldGen       total 175104K, used 24K [0x00000006c1c00000, 0x00000006cc700000, 0x000000076b400000)
  object space 175104K, 0% used [0x00000006c1c00000,0x00000006c1c06000,0x00000006cc700000)
 Metaspace       used 19839K, capacity 21106K, committed 21248K, reserved 1067008K
  class space    used 2698K, capacity 2969K, committed 3072K, reserved 1048576K
}
Event: 3.472 GC heap before
{Heap before GC invocations=3 (full 1):
 PSYoungGen      total 76288K, used 9915K [0x000000076b400000, 0x0000000774900000, 0x00000007c0000000)
  eden space 65536K, 0% used [0x000000076b400000,0x000000076b400000,0x000000076f400000)
  from space 10752K, 92% used [0x000000076fe80000,0x000000077082ed20,0x0000000770900000)
  to   space 10752K, 0% used [0x000000076f400000,0x000000076f400000,0x000000076fe80000)
 ParOldGen       total 175104K, used 24K [0x00000006c1c00000, 0x00000006cc700000, 0x000000076b400000)
  object space 175104K, 0% used [0x00000006c1c00000,0x00000006c1c06000,0x00000006cc700000)
 Metaspace       used 19839K, capacity 21106K, committed 21248K, reserved 1067008K
  class space    used 2698K, capacity 2969K, committed 3072K, reserved 1048576K
Event: 3.522 GC heap after
Heap after GC invocations=3 (full 1):
 PSYoungGen      total 76288K, used 0K [0x000000076b400000, 0x0000000774900000, 0x00000007c0000000)
  eden space 65536K, 0% used [0x000000076b400000,0x000000076b400000,0x000000076f400000)
  from space 10752K, 0% used [0x000000076fe80000,0x000000076fe80000,0x0000000770900000)
  to   space 10752K, 0% used [0x000000076f400000,0x000000076f400000,0x000000076fe80000)
 ParOldGen       total 111616K, used 9571K [0x00000006c1c00000, 0x00000006c8900000, 0x000000076b400000)
  object space 111616K, 8% used [0x00000006c1c00000,0x00000006c2558d38,0x00000006c8900000)
 Metaspace       used 19839K, capacity 21106K, committed 21248K, reserved 1067008K
  class space    used 2698K, capacity 2969K, committed 3072K, reserved 1048576K
}
Event: 5.573 GC heap before
{Heap before GC invocations=4 (full 1):
 PSYoungGen      total 76288K, used 65536K [0x000000076b400000, 0x0000000774900000, 0x00000007c0000000)
  eden space 65536K, 100% used [0x000000076b400000,0x000000076f400000,0x000000076f400000)
  from space 10752K, 0% used [0x000000076fe80000,0x000000076fe80000,0x0000000770900000)
  to   space 10752K, 0% used [0x000000076f400000,0x000000076f400000,0x000000076fe80000)
 ParOldGen       total 111616K, used 9571K [0x00000006c1c00000, 0x00000006c8900000, 0x000000076b400000)
  object space 111616K, 8% used [0x00000006c1c00000,0x00000006c2558d38,0x00000006c8900000)
 Metaspace       used 25274K, capacity 26784K, committed 27008K, reserved 1073152K
  class space    used 3376K, capacity 3700K, committed 3712K, reserved 1048576K
Event: 5.579 GC heap after
Heap after GC invocations=4 (full 1):
 PSYoungGen      total 76288K, used 7804K [0x000000076b400000, 0x0000000772180000, 0x00000007c0000000)
  eden space 65536K, 0% used [0x000000076b400000,0x000000076b400000,0x000000076f400000)
  from space 10752K, 72% used [0x000000076f400000,0x000000076fb9f170,0x000000076fe80000)
  to   space 10752K, 0% used [0x0000000771700000,0x0000000771700000,0x0000000772180000)
 ParOldGen       total 111616K, used 9579K [0x00000006c1c00000, 0x00000006c8900000, 0x000000076b400000)
  object space 111616K, 8% used [0x00000006c1c00000,0x00000006c255ad38,0x00000006c8900000)
 Metaspace       used 25274K, capacity 26784K, committed 27008K, reserved 1073152K
  class space    used 3376K, capacity 3700K, committed 3712K, reserved 1048576K
}

