# JRE version: Java(TM) SE Runtime Environment (8.0_111-b14) (build 1.8.0_111-b14)
# Java VM: Java HotSpot(TM) 64-Bit Server VM (25.111-b14 mixed mode windows-amd64 compressed oops)
Heap:
 PSYoungGen      total 189440K, used 43250K [0x000000076b400000, 0x0000000779100000, 0x00000007c0000000)
  eden space 178176K, 24% used [0x000000076b400000,0x000000076de3c818,0x0000000776200000)
  from space 11264K, 0% used [0x0000000776c80000,0x0000000776c80000,0x0000000777780000)
  to   space 10752K, 0% used [0x0000000776200000,0x0000000776200000,0x0000000776c80000)
 ParOldGen       total 149504K, used 12373K [0x00000006c1c00000, 0x00000006cae00000, 0x000000076b400000)
  object space 149504K, 8% used [0x00000006c1c00000,0x00000006c2815658,0x00000006cae00000)
 Metaspace       used 37222K, capacity 39720K, committed 40024K, reserved 1083392K
  class space    used 5002K, capacity 5456K, committed 5464K, reserved 1048576K
GC Heap History (10 events):
Event: 4.199 GC heap before
{Heap before GC invocations=4 (full 1):
 PSYoungGen      total 76288K, used 6212K [0x000000076b400000, 0x0000000774900000, 0x00000007c0000000)
  eden space 65536K, 0% used [0x000000076b400000,0x000000076b400000,0x000000076f400000)
  from space 10752K, 57% used [0x000000076f400000,0x000000076fa112a8,0x000000076fe80000)
  to   space 10752K, 0% used [0x0000000773e80000,0x0000000773e80000,0x0000000774900000)
 ParOldGen       total 175104K, used 32K [0x00000006c1c00000, 0x00000006cc700000, 0x000000076b400000)
  object space 175104K, 0% used [0x00000006c1c00000,0x00000006c1c08000,0x00000006cc700000)
 Metaspace       used 19768K, capacity 21098K, committed 21248K, reserved 1067008K
  class space    used 2673K, capacity 2961K, committed 3072K, reserved 1048576K
Event: 4.250 GC heap after
Heap after GC invocations=4 (full 1):
 PSYoungGen      total 76288K, used 0K [0x000000076b400000, 0x0000000774900000, 0x00000007c0000000)
  eden space 65536K, 0% used [0x000000076b400000,0x000000076b400000,0x000000076f400000)
  from space 10752K, 0% used [0x000000076f400000,0x000000076f400000,0x000000076fe80000)
  to   space 10752K, 0% used [0x0000000773e80000,0x0000000773e80000,0x0000000774900000)
 ParOldGen       total 93696K, used 6110K [0x00000006c1c00000, 0x00000006c7780000, 0x000000076b400000)
  object space 93696K, 6% used [0x00000006c1c00000,0x00000006c21f7870,0x00000006c7780000)
 Metaspace       used 19768K, capacity 21098K, committed 21248K, reserved 1067008K
  class space    used 2673K, capacity 2961K, committed 3072K, reserved 1048576K
}
Event: 4.876 GC heap before
{Heap before GC invocations=5 (full 1):
 PSYoungGen      total 76288K, used 65536K [0x000000076b400000, 0x0000000774900000, 0x00000007c0000000)
  eden space 65536K, 100% used [0x000000076b400000,0x000000076f400000,0x000000076f400000)
  from space 10752K, 0% used [0x000000076f400000,0x000000076f400000,0x000000076fe80000)
  to   space 10752K, 0% used [0x0000000773e80000,0x0000000773e80000,0x0000000774900000)
 ParOldGen       total 93696K, used 6110K [0x00000006c1c00000, 0x00000006c7780000, 0x000000076b400000)
  object space 93696K, 6% used [0x00000006c1c00000,0x00000006c21f7870,0x00000006c7780000)
 Metaspace       used 24661K, capacity 26124K, committed 26368K, reserved 1073152K
  class space    used 3262K, capacity 3576K, committed 3584K, reserved 1048576K
Event: 4.890 GC heap after
Heap after GC invocations=5 (full 1):
 PSYoungGen      total 116224K, used 6891K [0x000000076b400000, 0x0000000774580000, 0x00000007c0000000)
  eden space 109056K, 0% used [0x000000076b400000,0x000000076b400000,0x0000000771e80000)
  from space 7168K, 96% used [0x0000000773e80000,0x000000077453ad90,0x0000000774580000)
  to   space 10752K, 0% used [0x0000000773080000,0x0000000773080000,0x0000000773b00000)
 ParOldGen       total 93696K, used 6118K [0x00000006c1c00000, 0x00000006c7780000, 0x000000076b400000)
  object space 93696K, 6% used [0x00000006c1c00000,0x00000006c21f9870,0x00000006c7780000)
 Metaspace       used 24661K, capacity 26124K, committed 26368K, reserved 1073152K
  class space    used 3262K, capacity 3576K, committed 3584K, reserved 1048576K
}
Event: 6.680 GC heap before
{Heap before GC invocations=6 (full 1):
 PSYoungGen      total 116224K, used 115947K [0x000000076b400000, 0x0000000774580000, 0x00000007c0000000)
  eden space 109056K, 100% used [0x000000076b400000,0x0000000771e80000,0x0000000771e80000)
  from space 7168K, 96% used [0x0000000773e80000,0x000000077453ad90,0x0000000774580000)
  to   space 10752K, 0% used [0x0000000773080000,0x0000000773080000,0x0000000773b00000)
 ParOldGen       total 93696K, used 6118K [0x00000006c1c00000, 0x00000006c7780000, 0x000000076b400000)
  object space 93696K, 6% used [0x00000006c1c00000,0x00000006c21f9870,0x00000006c7780000)
 Metaspace       used 30285K, capacity 32500K, committed 32640K, reserved 1077248K
  class space    used 4016K, capacity 4426K, committed 4480K, reserved 1048576K
Event: 6.698 GC heap after
Heap after GC invocations=6 (full 1):
 PSYoungGen      total 138240K, used 10370K [0x000000076b400000, 0x0000000777780000, 0x00000007c0000000)
  eden space 127488K, 0% used [0x000000076b400000,0x000000076b400000,0x0000000773080000)
  from space 10752K, 96% used [0x0000000773080000,0x0000000773aa0a10,0x0000000773b00000)
  to   space 11264K, 0% used [0x0000000776c80000,0x0000000776c80000,0x0000000777780000)
 ParOldGen       total 93696K, used 6126K [0x00000006c1c00000, 0x00000006c7780000, 0x000000076b400000)
  object space 93696K, 6% used [0x00000006c1c00000,0x00000006c21fb870,0x00000006c7780000)
 Metaspace       used 30285K, capacity 32500K, committed 32640K, reserved 1077248K
  class space    used 4016K, capacity 4426K, committed 4480K, reserved 1048576K
}
Event: 7.590 GC heap before
{Heap before GC invocations=7 (full 1):
 PSYoungGen      total 138240K, used 82419K [0x000000076b400000, 0x0000000777780000, 0x00000007c0000000)
  eden space 127488K, 56% used [0x000000076b400000,0x000000076fa5c340,0x0000000773080000)
  from space 10752K, 96% used [0x0000000773080000,0x0000000773aa0a10,0x0000000773b00000)
  to   space 11264K, 0% used [0x0000000776c80000,0x0000000776c80000,0x0000000777780000)
 ParOldGen       total 93696K, used 6126K [0x00000006c1c00000, 0x00000006c7780000, 0x000000076b400000)
  object space 93696K, 6% used [0x00000006c1c00000,0x00000006c21fb870,0x00000006c7780000)
 Metaspace       used 32946K, capacity 35344K, committed 35416K, reserved 1079296K
  class space    used 4472K, capacity 4890K, committed 4952K, reserved 1048576K
Event: 7.603 GC heap after
Heap after GC invocations=7 (full 1):
 PSYoungGen      total 189440K, used 8211K [0x000000076b400000, 0x0000000779100000, 0x00000007c0000000)
  eden space 178176K, 0% used [0x000000076b400000,0x000000076b400000,0x0000000776200000)
  from space 11264K, 72% used [0x0000000776c80000,0x0000000777484e58,0x0000000777780000)
  to   space 10752K, 0% used [0x0000000776200000,0x0000000776200000,0x0000000776c80000)
 ParOldGen       total 93696K, used 6134K [0x00000006c1c00000, 0x00000006c7780000, 0x000000076b400000)
  object space 93696K, 6% used [0x00000006c1c00000,0x00000006c21fd870,0x00000006c7780000)
 Metaspace       used 32946K, capacity 35344K, committed 35416K, reserved 1079296K
  class space    used 4472K, capacity 4890K, committed 4952K, reserved 1048576K
}
Event: 7.603 GC heap before
{Heap before GC invocations=8 (full 2):
 PSYoungGen      total 189440K, used 8211K [0x000000076b400000, 0x0000000779100000, 0x00000007c0000000)
  eden space 178176K, 0% used [0x000000076b400000,0x000000076b400000,0x0000000776200000)
  from space 11264K, 72% used [0x0000000776c80000,0x0000000777484e58,0x0000000777780000)
  to   space 10752K, 0% used [0x0000000776200000,0x0000000776200000,0x0000000776c80000)
 ParOldGen       total 93696K, used 6134K [0x00000006c1c00000, 0x00000006c7780000, 0x000000076b400000)
  object space 93696K, 6% used [0x00000006c1c00000,0x00000006c21fd870,0x00000006c7780000)
 Metaspace       used 32946K, capacity 35344K, committed 35416K, reserved 1079296K
  class space    used 4472K, capacity 4890K, committed 4952K, reserved 1048576K
Event: 7.722 GC heap after
Heap after GC invocations=8 (full 2):
 PSYoungGen      total 189440K, used 0K [0x000000076b400000, 0x0000000779100000, 0x00000007c0000000)
  eden space 178176K, 0% used [0x000000076b400000,0x000000076b400000,0x0000000776200000)
  from space 11264K, 0% used [0x0000000776c80000,0x0000000776c80000,0x0000000777780000)
  to   space 10752K, 0% used [0x0000000776200000,0x0000000776200000,0x0000000776c80000)
 ParOldGen       total 149504K, used 12373K [0x00000006c1c00000, 0x00000006cae00000, 0x000000076b400000)
  object space 149504K, 8% used [0x00000006c1c00000,0x00000006c2815658,0x00000006cae00000)
 Metaspace       used 32946K, capacity 35344K, committed 35416K, reserved 1079296K
  class space    used 4472K, capacity 4890K, committed 4952K, reserved 1048576K
}

